
*** Running vivado
    with args -log pcie4_uscale_plus_1.vds -m64 -product Vivado -mode batch -messageDb vivado.pb -notrace -source pcie4_uscale_plus_1.tcl


****** Vivado v2017.3 (64-bit)
  **** SW Build 2018833 on Wed Oct  4 19:58:07 MDT 2017
  **** IP Build 2016188 on Wed Oct  4 21:52:56 MDT 2017
    ** Copyright 1986-2017 Xilinx, Inc. All Rights Reserved.

source pcie4_uscale_plus_1.tcl -notrace
Starting RTL Elaboration : Time (s): cpu = 00:00:06 ; elapsed = 00:00:06 . Memory (MB): peak = 1559.250 ; gain = 0.000 ; free physical = 3883 ; free virtual = 29565
INFO: [Synth 8-638] synthesizing module 'pcie4_uscale_plus_1' [/home/chiwei/work/checkout/xilinx-bali.git.new/xilinx_ip/pcie4_uscale_plus/pcie_gen3x8.srcs/sources_1/ip/pcie4_uscale_plus_1/synth/pcie4_uscale_plus_1.v:78]
INFO: [Synth 8-638] synthesizing module 'pcie4_uscale_plus_1_pcie4_uscale_core_top' [/home/chiwei/work/checkout/xilinx-bali.git.new/xilinx_ip/pcie4_uscale_plus/pcie_gen3x8.srcs/sources_1/ip/pcie4_uscale_plus_1/source/pcie4_uscale_plus_1_pcie4_uscale_core_top.v:59]
INFO: [Synth 8-638] synthesizing module 'pcie4_uscale_plus_1_pipe' [/home/chiwei/work/checkout/xilinx-bali.git.new/xilinx_ip/pcie4_uscale_plus/pcie_gen3x8.srcs/sources_1/ip/pcie4_uscale_plus_1/source/pcie4_uscale_plus_1_pipe.v:60]
INFO: [Synth 8-638] synthesizing module 'pcie4_uscale_plus_1_seqnum_fifo' [/home/chiwei/work/checkout/xilinx-bali.git.new/xilinx_ip/pcie4_uscale_plus/pcie_gen3x8.srcs/sources_1/ip/pcie4_uscale_plus_1/source/pcie4_uscale_plus_1_seqnum_fifo.v:59]
INFO: [Synth 8-256] done synthesizing module 'pcie4_uscale_plus_1_seqnum_fifo' (1#1) [/home/chiwei/work/checkout/xilinx-bali.git.new/xilinx_ip/pcie4_uscale_plus/pcie_gen3x8.srcs/sources_1/ip/pcie4_uscale_plus_1/source/pcie4_uscale_plus_1_seqnum_fifo.v:59]
INFO: [Synth 8-638] synthesizing module 'PCIE40E4' [/opt/Xilinx/Vivado/2017.3/scripts/rt/data/unisim_comp.v:31405]
INFO: [Synth 8-256] done synthesizing module 'PCIE40E4' (2#1) [/opt/Xilinx/Vivado/2017.3/scripts/rt/data/unisim_comp.v:31405]
INFO: [Synth 8-638] synthesizing module 'pcie4_uscale_plus_1_bram' [/home/chiwei/work/checkout/xilinx-bali.git.new/xilinx_ip/pcie4_uscale_plus/pcie_gen3x8.srcs/sources_1/ip/pcie4_uscale_plus_1/source/pcie4_uscale_plus_1_bram.v:59]
INFO: [Synth 8-638] synthesizing module 'pcie4_uscale_plus_1_bram_32k' [/home/chiwei/work/checkout/xilinx-bali.git.new/xilinx_ip/pcie4_uscale_plus/pcie_gen3x8.srcs/sources_1/ip/pcie4_uscale_plus_1/source/pcie4_uscale_plus_1_bram_32k.v:59]
INFO: [Synth 8-638] synthesizing module 'pcie4_uscale_plus_1_bram_16k_int' [/home/chiwei/work/checkout/xilinx-bali.git.new/xilinx_ip/pcie4_uscale_plus/pcie_gen3x8.srcs/sources_1/ip/pcie4_uscale_plus_1/source/pcie4_uscale_plus_1_bram_16k_int.v:59]
INFO: [Synth 8-638] synthesizing module 'RAMB36E2' [/opt/Xilinx/Vivado/2017.3/scripts/rt/data/unisim_comp.v:49765]
INFO: [Synth 8-256] done synthesizing module 'RAMB36E2' (3#1) [/opt/Xilinx/Vivado/2017.3/scripts/rt/data/unisim_comp.v:49765]
INFO: [Synth 8-256] done synthesizing module 'pcie4_uscale_plus_1_bram_16k_int' (4#1) [/home/chiwei/work/checkout/xilinx-bali.git.new/xilinx_ip/pcie4_uscale_plus/pcie_gen3x8.srcs/sources_1/ip/pcie4_uscale_plus_1/source/pcie4_uscale_plus_1_bram_16k_int.v:59]
INFO: [Synth 8-256] done synthesizing module 'pcie4_uscale_plus_1_bram_32k' (5#1) [/home/chiwei/work/checkout/xilinx-bali.git.new/xilinx_ip/pcie4_uscale_plus/pcie_gen3x8.srcs/sources_1/ip/pcie4_uscale_plus_1/source/pcie4_uscale_plus_1_bram_32k.v:59]
INFO: [Synth 8-638] synthesizing module 'pcie4_uscale_plus_1_bram_rep' [/home/chiwei/work/checkout/xilinx-bali.git.new/xilinx_ip/pcie4_uscale_plus/pcie_gen3x8.srcs/sources_1/ip/pcie4_uscale_plus_1/source/pcie4_uscale_plus_1_bram_rep.v:59]
INFO: [Synth 8-638] synthesizing module 'pcie4_uscale_plus_1_bram_rep_int' [/home/chiwei/work/checkout/xilinx-bali.git.new/xilinx_ip/pcie4_uscale_plus/pcie_gen3x8.srcs/sources_1/ip/pcie4_uscale_plus_1/source/pcie4_uscale_plus_1_bram_rep_int.v:59]
INFO: [Synth 8-256] done synthesizing module 'pcie4_uscale_plus_1_bram_rep_int' (6#1) [/home/chiwei/work/checkout/xilinx-bali.git.new/xilinx_ip/pcie4_uscale_plus/pcie_gen3x8.srcs/sources_1/ip/pcie4_uscale_plus_1/source/pcie4_uscale_plus_1_bram_rep_int.v:59]
INFO: [Synth 8-256] done synthesizing module 'pcie4_uscale_plus_1_bram_rep' (7#1) [/home/chiwei/work/checkout/xilinx-bali.git.new/xilinx_ip/pcie4_uscale_plus/pcie_gen3x8.srcs/sources_1/ip/pcie4_uscale_plus_1/source/pcie4_uscale_plus_1_bram_rep.v:59]
INFO: [Synth 8-638] synthesizing module 'pcie4_uscale_plus_1_bram_16k' [/home/chiwei/work/checkout/xilinx-bali.git.new/xilinx_ip/pcie4_uscale_plus/pcie_gen3x8.srcs/sources_1/ip/pcie4_uscale_plus_1/source/pcie4_uscale_plus_1_bram_16k.v:59]
INFO: [Synth 8-256] done synthesizing module 'pcie4_uscale_plus_1_bram_16k' (8#1) [/home/chiwei/work/checkout/xilinx-bali.git.new/xilinx_ip/pcie4_uscale_plus/pcie_gen3x8.srcs/sources_1/ip/pcie4_uscale_plus_1/source/pcie4_uscale_plus_1_bram_16k.v:59]
INFO: [Synth 8-638] synthesizing module 'pcie4_uscale_plus_1_bram_msix' [/home/chiwei/work/checkout/xilinx-bali.git.new/xilinx_ip/pcie4_uscale_plus/pcie_gen3x8.srcs/sources_1/ip/pcie4_uscale_plus_1/source/pcie4_uscale_plus_1_bram_msix.v:59]
INFO: [Synth 8-256] done synthesizing module 'pcie4_uscale_plus_1_bram_msix' (9#1) [/home/chiwei/work/checkout/xilinx-bali.git.new/xilinx_ip/pcie4_uscale_plus/pcie_gen3x8.srcs/sources_1/ip/pcie4_uscale_plus_1/source/pcie4_uscale_plus_1_bram_msix.v:59]
INFO: [Synth 8-638] synthesizing module 'pcie4_uscale_plus_1_bram_tph' [/home/chiwei/work/checkout/xilinx-bali.git.new/xilinx_ip/pcie4_uscale_plus/pcie_gen3x8.srcs/sources_1/ip/pcie4_uscale_plus_1/source/pcie4_uscale_plus_1_bram_tph.v:59]
INFO: [Synth 8-256] done synthesizing module 'pcie4_uscale_plus_1_bram_tph' (10#1) [/home/chiwei/work/checkout/xilinx-bali.git.new/xilinx_ip/pcie4_uscale_plus/pcie_gen3x8.srcs/sources_1/ip/pcie4_uscale_plus_1/source/pcie4_uscale_plus_1_bram_tph.v:59]
INFO: [Synth 8-256] done synthesizing module 'pcie4_uscale_plus_1_bram' (11#1) [/home/chiwei/work/checkout/xilinx-bali.git.new/xilinx_ip/pcie4_uscale_plus/pcie_gen3x8.srcs/sources_1/ip/pcie4_uscale_plus_1/source/pcie4_uscale_plus_1_bram.v:59]
INFO: [Synth 8-638] synthesizing module 'pcie4_uscale_plus_1_init_ctrl' [/home/chiwei/work/checkout/xilinx-bali.git.new/xilinx_ip/pcie4_uscale_plus/pcie_gen3x8.srcs/sources_1/ip/pcie4_uscale_plus_1/source/pcie4_uscale_plus_1_init_ctrl.v:62]
INFO: [Synth 8-256] done synthesizing module 'pcie4_uscale_plus_1_init_ctrl' (12#1) [/home/chiwei/work/checkout/xilinx-bali.git.new/xilinx_ip/pcie4_uscale_plus/pcie_gen3x8.srcs/sources_1/ip/pcie4_uscale_plus_1/source/pcie4_uscale_plus_1_init_ctrl.v:62]
INFO: [Synth 8-638] synthesizing module 'pcie4_uscale_plus_1_vf_decode' [/home/chiwei/work/checkout/xilinx-bali.git.new/xilinx_ip/pcie4_uscale_plus/pcie_gen3x8.srcs/sources_1/ip/pcie4_uscale_plus_1/source/pcie4_uscale_plus_1_vf_decode.v:59]
INFO: [Synth 8-256] done synthesizing module 'pcie4_uscale_plus_1_vf_decode' (13#1) [/home/chiwei/work/checkout/xilinx-bali.git.new/xilinx_ip/pcie4_uscale_plus/pcie_gen3x8.srcs/sources_1/ip/pcie4_uscale_plus_1/source/pcie4_uscale_plus_1_vf_decode.v:59]
INFO: [Synth 8-638] synthesizing module 'pcie4_uscale_plus_1_pl_eq' [/home/chiwei/work/checkout/xilinx-bali.git.new/xilinx_ip/pcie4_uscale_plus/pcie_gen3x8.srcs/sources_1/ip/pcie4_uscale_plus_1/source/pcie4_uscale_plus_1_pl_eq.v:59]
INFO: [Synth 8-256] done synthesizing module 'pcie4_uscale_plus_1_pl_eq' (14#1) [/home/chiwei/work/checkout/xilinx-bali.git.new/xilinx_ip/pcie4_uscale_plus/pcie_gen3x8.srcs/sources_1/ip/pcie4_uscale_plus_1/source/pcie4_uscale_plus_1_pl_eq.v:59]
INFO: [Synth 8-256] done synthesizing module 'pcie4_uscale_plus_1_pipe' (15#1) [/home/chiwei/work/checkout/xilinx-bali.git.new/xilinx_ip/pcie4_uscale_plus/pcie_gen3x8.srcs/sources_1/ip/pcie4_uscale_plus_1/source/pcie4_uscale_plus_1_pipe.v:60]
INFO: [Synth 8-638] synthesizing module 'BUFG_GT' [/opt/Xilinx/Vivado/2017.3/scripts/rt/data/unisim_comp.v:760]
INFO: [Synth 8-256] done synthesizing module 'BUFG_GT' (16#1) [/opt/Xilinx/Vivado/2017.3/scripts/rt/data/unisim_comp.v:760]
INFO: [Synth 8-638] synthesizing module 'BUFG_GT_SYNC' [/opt/Xilinx/Vivado/2017.3/scripts/rt/data/unisim_comp.v:780]
INFO: [Synth 8-256] done synthesizing module 'BUFG_GT_SYNC' (17#1) [/opt/Xilinx/Vivado/2017.3/scripts/rt/data/unisim_comp.v:780]
INFO: [Synth 8-638] synthesizing module 'pcie4_uscale_plus_1_phy_top' [/home/chiwei/work/checkout/xilinx-bali.git.new/xilinx_ip/pcie4_uscale_plus/pcie_gen3x8.srcs/sources_1/ip/pcie4_uscale_plus_1/source/pcie4_uscale_plus_1_phy_top.v:111]
INFO: [Synth 8-638] synthesizing module 'pcie4_uscale_plus_1_gt_phy_wrapper' [/home/chiwei/work/checkout/xilinx-bali.git.new/xilinx_ip/pcie4_uscale_plus/pcie_gen3x8.srcs/sources_1/ip/pcie4_uscale_plus_1/source/pcie4_uscale_plus_1_gt_phy_wrapper.v:140]
INFO: [Synth 8-638] synthesizing module 'pcie4_uscale_plus_1_gt_phy_txeq' [/home/chiwei/work/checkout/xilinx-bali.git.new/xilinx_ip/pcie4_uscale_plus/pcie_gen3x8.srcs/sources_1/ip/pcie4_uscale_plus_1/source/pcie4_uscale_plus_1_gt_phy_txeq.v:70]
INFO: [Synth 8-638] synthesizing module 'pcie4_uscale_plus_1_sync' [/home/chiwei/work/checkout/xilinx-bali.git.new/xilinx_ip/pcie4_uscale_plus/pcie_gen3x8.srcs/sources_1/ip/pcie4_uscale_plus_1/source/pcie4_uscale_plus_1_sync.v:66]
INFO: [Synth 8-638] synthesizing module 'pcie4_uscale_plus_1_sync_cell' [/home/chiwei/work/checkout/xilinx-bali.git.new/xilinx_ip/pcie4_uscale_plus/pcie_gen3x8.srcs/sources_1/ip/pcie4_uscale_plus_1/source/pcie4_uscale_plus_1_sync_cell.v:66]
INFO: [Synth 8-256] done synthesizing module 'pcie4_uscale_plus_1_sync_cell' (18#1) [/home/chiwei/work/checkout/xilinx-bali.git.new/xilinx_ip/pcie4_uscale_plus/pcie_gen3x8.srcs/sources_1/ip/pcie4_uscale_plus_1/source/pcie4_uscale_plus_1_sync_cell.v:66]
INFO: [Synth 8-256] done synthesizing module 'pcie4_uscale_plus_1_sync' (19#1) [/home/chiwei/work/checkout/xilinx-bali.git.new/xilinx_ip/pcie4_uscale_plus/pcie_gen3x8.srcs/sources_1/ip/pcie4_uscale_plus_1/source/pcie4_uscale_plus_1_sync.v:66]
INFO: [Synth 8-638] synthesizing module 'pcie4_uscale_plus_1_sync__parameterized0' [/home/chiwei/work/checkout/xilinx-bali.git.new/xilinx_ip/pcie4_uscale_plus/pcie_gen3x8.srcs/sources_1/ip/pcie4_uscale_plus_1/source/pcie4_uscale_plus_1_sync.v:66]
INFO: [Synth 8-256] done synthesizing module 'pcie4_uscale_plus_1_sync__parameterized0' (19#1) [/home/chiwei/work/checkout/xilinx-bali.git.new/xilinx_ip/pcie4_uscale_plus/pcie_gen3x8.srcs/sources_1/ip/pcie4_uscale_plus_1/source/pcie4_uscale_plus_1_sync.v:66]
INFO: [Synth 8-638] synthesizing module 'pcie4_uscale_plus_1_sync__parameterized1' [/home/chiwei/work/checkout/xilinx-bali.git.new/xilinx_ip/pcie4_uscale_plus/pcie_gen3x8.srcs/sources_1/ip/pcie4_uscale_plus_1/source/pcie4_uscale_plus_1_sync.v:66]
INFO: [Synth 8-256] done synthesizing module 'pcie4_uscale_plus_1_sync__parameterized1' (19#1) [/home/chiwei/work/checkout/xilinx-bali.git.new/xilinx_ip/pcie4_uscale_plus/pcie_gen3x8.srcs/sources_1/ip/pcie4_uscale_plus_1/source/pcie4_uscale_plus_1_sync.v:66]
INFO: [Synth 8-256] done synthesizing module 'pcie4_uscale_plus_1_gt_phy_txeq' (20#1) [/home/chiwei/work/checkout/xilinx-bali.git.new/xilinx_ip/pcie4_uscale_plus/pcie_gen3x8.srcs/sources_1/ip/pcie4_uscale_plus_1/source/pcie4_uscale_plus_1_gt_phy_txeq.v:70]
INFO: [Synth 8-638] synthesizing module 'pcie4_uscale_plus_1_gt_phy_rxeq' [/home/chiwei/work/checkout/xilinx-bali.git.new/xilinx_ip/pcie4_uscale_plus/pcie_gen3x8.srcs/sources_1/ip/pcie4_uscale_plus_1/source/pcie4_uscale_plus_1_gt_phy_rxeq.v:66]
INFO: [Synth 8-638] synthesizing module 'pcie4_uscale_plus_1_sync__parameterized2' [/home/chiwei/work/checkout/xilinx-bali.git.new/xilinx_ip/pcie4_uscale_plus/pcie_gen3x8.srcs/sources_1/ip/pcie4_uscale_plus_1/source/pcie4_uscale_plus_1_sync.v:66]
INFO: [Synth 8-256] done synthesizing module 'pcie4_uscale_plus_1_sync__parameterized2' (20#1) [/home/chiwei/work/checkout/xilinx-bali.git.new/xilinx_ip/pcie4_uscale_plus/pcie_gen3x8.srcs/sources_1/ip/pcie4_uscale_plus_1/source/pcie4_uscale_plus_1_sync.v:66]
INFO: [Synth 8-256] done synthesizing module 'pcie4_uscale_plus_1_gt_phy_rxeq' (21#1) [/home/chiwei/work/checkout/xilinx-bali.git.new/xilinx_ip/pcie4_uscale_plus/pcie_gen3x8.srcs/sources_1/ip/pcie4_uscale_plus_1/source/pcie4_uscale_plus_1_gt_phy_rxeq.v:66]
INFO: [Synth 8-638] synthesizing module 'pcie4_uscale_plus_1_gt_receiver_detect_rxterm' [/home/chiwei/work/checkout/xilinx-bali.git.new/xilinx_ip/pcie4_uscale_plus/pcie_gen3x8.srcs/sources_1/ip/pcie4_uscale_plus_1/source/pcie4_uscale_plus_1_gt_receiver_detect_rxterm.v:69]
INFO: [Synth 8-638] synthesizing module 'pcie4_uscale_plus_1_sync__parameterized3' [/home/chiwei/work/checkout/xilinx-bali.git.new/xilinx_ip/pcie4_uscale_plus/pcie_gen3x8.srcs/sources_1/ip/pcie4_uscale_plus_1/source/pcie4_uscale_plus_1_sync.v:66]
INFO: [Synth 8-256] done synthesizing module 'pcie4_uscale_plus_1_sync__parameterized3' (21#1) [/home/chiwei/work/checkout/xilinx-bali.git.new/xilinx_ip/pcie4_uscale_plus/pcie_gen3x8.srcs/sources_1/ip/pcie4_uscale_plus_1/source/pcie4_uscale_plus_1_sync.v:66]
INFO: [Synth 8-256] done synthesizing module 'pcie4_uscale_plus_1_gt_receiver_detect_rxterm' (22#1) [/home/chiwei/work/checkout/xilinx-bali.git.new/xilinx_ip/pcie4_uscale_plus/pcie_gen3x8.srcs/sources_1/ip/pcie4_uscale_plus_1/source/pcie4_uscale_plus_1_gt_receiver_detect_rxterm.v:69]
INFO: [Synth 8-638] synthesizing module 'pcie4_uscale_plus_1_gt_cdr_ctrl_on_eidle' [/home/chiwei/work/checkout/xilinx-bali.git.new/xilinx_ip/pcie4_uscale_plus/pcie_gen3x8.srcs/sources_1/ip/pcie4_uscale_plus_1/source/pcie4_uscale_plus_1_gt_cdr_ctrl_on_eidle.v:66]
INFO: [Synth 8-256] done synthesizing module 'pcie4_uscale_plus_1_gt_cdr_ctrl_on_eidle' (23#1) [/home/chiwei/work/checkout/xilinx-bali.git.new/xilinx_ip/pcie4_uscale_plus/pcie_gen3x8.srcs/sources_1/ip/pcie4_uscale_plus_1/source/pcie4_uscale_plus_1_gt_cdr_ctrl_on_eidle.v:66]
INFO: [Synth 8-638] synthesizing module 'pcie4_uscale_plus_1_gtwizard_top' [/home/chiwei/work/checkout/xilinx-bali.git.new/xilinx_ip/pcie4_uscale_plus/pcie_gen3x8.srcs/sources_1/ip/pcie4_uscale_plus_1/source/pcie4_uscale_plus_1_gtwizard_top.v:66]
INFO: [Synth 8-638] synthesizing module 'pcie4_uscale_plus_1_gt' [/home/chiwei/work/checkout/xilinx-bali.git.new/xilinx_ip/pcie4_uscale_plus/pcie_gen3x8.srcs/sources_1/ip/pcie4_uscale_plus_1/ip_0/synth/pcie4_uscale_plus_1_gt.v:62]
INFO: [Synth 8-638] synthesizing module 'pcie4_uscale_plus_1_gt_gtwizard_top' [/home/chiwei/work/checkout/xilinx-bali.git.new/xilinx_ip/pcie4_uscale_plus/pcie_gen3x8.srcs/sources_1/ip/pcie4_uscale_plus_1/ip_0/synth/pcie4_uscale_plus_1_gt_gtwizard_top.v:170]
INFO: [Synth 8-638] synthesizing module 'pcie4_uscale_plus_1_gt_gtwizard_gtye4' [/home/chiwei/work/checkout/xilinx-bali.git.new/xilinx_ip/pcie4_uscale_plus/pcie_gen3x8.srcs/sources_1/ip/pcie4_uscale_plus_1/ip_0/synth/pcie4_uscale_plus_1_gt_gtwizard_gtye4.v:138]
INFO: [Synth 8-638] synthesizing module 'pcie4_uscale_plus_1_gt_gtye4_common_wrapper' [/home/chiwei/work/checkout/xilinx-bali.git.new/xilinx_ip/pcie4_uscale_plus/pcie_gen3x8.srcs/sources_1/ip/pcie4_uscale_plus_1/ip_0/synth/pcie4_uscale_plus_1_gt_gtye4_common_wrapper.v:56]
INFO: [Synth 8-638] synthesizing module 'gtwizard_ultrascale_v1_7_1_gtye4_common' [/home/chiwei/work/checkout/xilinx-bali.git.new/xilinx_ip/pcie4_uscale_plus/pcie_gen3x8.srcs/sources_1/ip/pcie4_uscale_plus_1/ip_0/synth/gtwizard_ultrascale_v1_7_gtye4_common.v:55]
INFO: [Synth 8-638] synthesizing module 'GTYE4_COMMON' [/opt/Xilinx/Vivado/2017.3/scripts/rt/data/unisim_comp.v:13933]
INFO: [Synth 8-256] done synthesizing module 'GTYE4_COMMON' (24#1) [/opt/Xilinx/Vivado/2017.3/scripts/rt/data/unisim_comp.v:13933]
INFO: [Synth 8-256] done synthesizing module 'gtwizard_ultrascale_v1_7_1_gtye4_common' (25#1) [/home/chiwei/work/checkout/xilinx-bali.git.new/xilinx_ip/pcie4_uscale_plus/pcie_gen3x8.srcs/sources_1/ip/pcie4_uscale_plus_1/ip_0/synth/gtwizard_ultrascale_v1_7_gtye4_common.v:55]
INFO: [Synth 8-256] done synthesizing module 'pcie4_uscale_plus_1_gt_gtye4_common_wrapper' (26#1) [/home/chiwei/work/checkout/xilinx-bali.git.new/xilinx_ip/pcie4_uscale_plus/pcie_gen3x8.srcs/sources_1/ip/pcie4_uscale_plus_1/ip_0/synth/pcie4_uscale_plus_1_gt_gtye4_common_wrapper.v:56]
INFO: [Synth 8-638] synthesizing module 'pcie4_uscale_plus_1_gt_gtye4_channel_wrapper' [/home/chiwei/work/checkout/xilinx-bali.git.new/xilinx_ip/pcie4_uscale_plus/pcie_gen3x8.srcs/sources_1/ip/pcie4_uscale_plus_1/ip_0/synth/pcie4_uscale_plus_1_gt_gtye4_channel_wrapper.v:56]
INFO: [Synth 8-638] synthesizing module 'gtwizard_ultrascale_v1_7_1_gtye4_channel' [/home/chiwei/work/checkout/xilinx-bali.git.new/xilinx_ip/pcie4_uscale_plus/pcie_gen3x8.srcs/sources_1/ip/pcie4_uscale_plus_1/ip_0/synth/gtwizard_ultrascale_v1_7_gtye4_channel.v:55]
INFO: [Synth 8-638] synthesizing module 'GTYE4_CHANNEL' [/opt/Xilinx/Vivado/2017.3/scripts/rt/data/unisim_comp.v:12772]
INFO: [Synth 8-256] done synthesizing module 'GTYE4_CHANNEL' (27#1) [/opt/Xilinx/Vivado/2017.3/scripts/rt/data/unisim_comp.v:12772]
INFO: [Synth 8-256] done synthesizing module 'gtwizard_ultrascale_v1_7_1_gtye4_channel' (28#1) [/home/chiwei/work/checkout/xilinx-bali.git.new/xilinx_ip/pcie4_uscale_plus/pcie_gen3x8.srcs/sources_1/ip/pcie4_uscale_plus_1/ip_0/synth/gtwizard_ultrascale_v1_7_gtye4_channel.v:55]
INFO: [Synth 8-256] done synthesizing module 'pcie4_uscale_plus_1_gt_gtye4_channel_wrapper' (29#1) [/home/chiwei/work/checkout/xilinx-bali.git.new/xilinx_ip/pcie4_uscale_plus/pcie_gen3x8.srcs/sources_1/ip/pcie4_uscale_plus_1/ip_0/synth/pcie4_uscale_plus_1_gt_gtye4_channel_wrapper.v:56]
INFO: [Synth 8-638] synthesizing module 'gtwizard_ultrascale_v1_7_1_gtye4_cpll_cal' [/home/chiwei/work/checkout/xilinx-bali.git.new/xilinx_ip/pcie4_uscale_plus/pcie_gen3x8.srcs/sources_1/ip/pcie4_uscale_plus_1/ip_0/hdl/gtwizard_ultrascale_v1_7_gtye4_cpll_cal.v:55]
INFO: [Synth 8-638] synthesizing module 'gtwizard_ultrascale_v1_7_1_reset_synchronizer' [/home/chiwei/work/checkout/xilinx-bali.git.new/xilinx_ip/pcie4_uscale_plus/pcie_gen3x8.srcs/sources_1/ip/pcie4_uscale_plus_1/ip_0/hdl/gtwizard_ultrascale_v1_7_reset_sync.v:55]
INFO: [Synth 8-256] done synthesizing module 'gtwizard_ultrascale_v1_7_1_reset_synchronizer' (30#1) [/home/chiwei/work/checkout/xilinx-bali.git.new/xilinx_ip/pcie4_uscale_plus/pcie_gen3x8.srcs/sources_1/ip/pcie4_uscale_plus_1/ip_0/hdl/gtwizard_ultrascale_v1_7_reset_sync.v:55]
INFO: [Synth 8-638] synthesizing module 'gtwizard_ultrascale_v1_7_1_bit_synchronizer' [/home/chiwei/work/checkout/xilinx-bali.git.new/xilinx_ip/pcie4_uscale_plus/pcie_gen3x8.srcs/sources_1/ip/pcie4_uscale_plus_1/ip_0/hdl/gtwizard_ultrascale_v1_7_bit_sync.v:55]
INFO: [Synth 8-256] done synthesizing module 'gtwizard_ultrascale_v1_7_1_bit_synchronizer' (31#1) [/home/chiwei/work/checkout/xilinx-bali.git.new/xilinx_ip/pcie4_uscale_plus/pcie_gen3x8.srcs/sources_1/ip/pcie4_uscale_plus_1/ip_0/hdl/gtwizard_ultrascale_v1_7_bit_sync.v:55]
INFO: [Synth 8-638] synthesizing module 'gtwizard_ultrascale_v1_7_1_gtye4_cpll_cal_tx' [/home/chiwei/work/checkout/xilinx-bali.git.new/xilinx_ip/pcie4_uscale_plus/pcie_gen3x8.srcs/sources_1/ip/pcie4_uscale_plus_1/ip_0/hdl/gtwizard_ultrascale_v1_7_gtye4_cpll_cal_tx.v:55]
INFO: [Synth 8-638] synthesizing module 'gtwizard_ultrascale_v1_7_1_gtye4_cpll_cal_freq_counter' [/home/chiwei/work/checkout/xilinx-bali.git.new/xilinx_ip/pcie4_uscale_plus/pcie_gen3x8.srcs/sources_1/ip/pcie4_uscale_plus_1/ip_0/hdl/gtwizard_ultrascale_v1_7_gtye4_cal_freqcnt.v:55]
INFO: [Synth 8-256] done synthesizing module 'gtwizard_ultrascale_v1_7_1_gtye4_cpll_cal_freq_counter' (32#1) [/home/chiwei/work/checkout/xilinx-bali.git.new/xilinx_ip/pcie4_uscale_plus/pcie_gen3x8.srcs/sources_1/ip/pcie4_uscale_plus_1/ip_0/hdl/gtwizard_ultrascale_v1_7_gtye4_cal_freqcnt.v:55]
INFO: [Synth 8-256] done synthesizing module 'gtwizard_ultrascale_v1_7_1_gtye4_cpll_cal_tx' (33#1) [/home/chiwei/work/checkout/xilinx-bali.git.new/xilinx_ip/pcie4_uscale_plus/pcie_gen3x8.srcs/sources_1/ip/pcie4_uscale_plus_1/ip_0/hdl/gtwizard_ultrascale_v1_7_gtye4_cpll_cal_tx.v:55]
INFO: [Synth 8-638] synthesizing module 'gtwizard_ultrascale_v1_7_1_gtye4_cpll_cal_rx' [/home/chiwei/work/checkout/xilinx-bali.git.new/xilinx_ip/pcie4_uscale_plus/pcie_gen3x8.srcs/sources_1/ip/pcie4_uscale_plus_1/ip_0/hdl/gtwizard_ultrascale_v1_7_gtye4_cpll_cal_rx.v:55]
INFO: [Synth 8-256] done synthesizing module 'gtwizard_ultrascale_v1_7_1_gtye4_cpll_cal_rx' (34#1) [/home/chiwei/work/checkout/xilinx-bali.git.new/xilinx_ip/pcie4_uscale_plus/pcie_gen3x8.srcs/sources_1/ip/pcie4_uscale_plus_1/ip_0/hdl/gtwizard_ultrascale_v1_7_gtye4_cpll_cal_rx.v:55]
INFO: [Synth 8-638] synthesizing module 'gtwizard_ultrascale_v1_7_1_gte4_drp_arb' [/home/chiwei/work/checkout/xilinx-bali.git.new/xilinx_ip/pcie4_uscale_plus/pcie_gen3x8.srcs/sources_1/ip/pcie4_uscale_plus_1/ip_0/hdl/gtwizard_ultrascale_v1_7_gte4_drp_arb.v:55]
INFO: [Synth 8-256] done synthesizing module 'gtwizard_ultrascale_v1_7_1_gte4_drp_arb' (35#1) [/home/chiwei/work/checkout/xilinx-bali.git.new/xilinx_ip/pcie4_uscale_plus/pcie_gen3x8.srcs/sources_1/ip/pcie4_uscale_plus_1/ip_0/hdl/gtwizard_ultrascale_v1_7_gte4_drp_arb.v:55]
INFO: [Synth 8-256] done synthesizing module 'gtwizard_ultrascale_v1_7_1_gtye4_cpll_cal' (36#1) [/home/chiwei/work/checkout/xilinx-bali.git.new/xilinx_ip/pcie4_uscale_plus/pcie_gen3x8.srcs/sources_1/ip/pcie4_uscale_plus_1/ip_0/hdl/gtwizard_ultrascale_v1_7_gtye4_cpll_cal.v:55]
INFO: [Synth 8-638] synthesizing module 'gtwizard_ultrascale_v1_7_1_gtye4_delay_powergood' [/home/chiwei/work/checkout/xilinx-bali.git.new/xilinx_ip/pcie4_uscale_plus/pcie_gen3x8.srcs/sources_1/ip/pcie4_uscale_plus_1/ip_0/hdl/gtwizard_ultrascale_v1_7_gtye4_delay_powergood.v:55]
INFO: [Synth 8-256] done synthesizing module 'gtwizard_ultrascale_v1_7_1_gtye4_delay_powergood' (37#1) [/home/chiwei/work/checkout/xilinx-bali.git.new/xilinx_ip/pcie4_uscale_plus/pcie_gen3x8.srcs/sources_1/ip/pcie4_uscale_plus_1/ip_0/hdl/gtwizard_ultrascale_v1_7_gtye4_delay_powergood.v:55]
INFO: [Synth 8-256] done synthesizing module 'pcie4_uscale_plus_1_gt_gtwizard_gtye4' (38#1) [/home/chiwei/work/checkout/xilinx-bali.git.new/xilinx_ip/pcie4_uscale_plus/pcie_gen3x8.srcs/sources_1/ip/pcie4_uscale_plus_1/ip_0/synth/pcie4_uscale_plus_1_gt_gtwizard_gtye4.v:138]
INFO: [Synth 8-256] done synthesizing module 'pcie4_uscale_plus_1_gt_gtwizard_top' (39#1) [/home/chiwei/work/checkout/xilinx-bali.git.new/xilinx_ip/pcie4_uscale_plus/pcie_gen3x8.srcs/sources_1/ip/pcie4_uscale_plus_1/ip_0/synth/pcie4_uscale_plus_1_gt_gtwizard_top.v:170]
INFO: [Synth 8-256] done synthesizing module 'pcie4_uscale_plus_1_gt' (40#1) [/home/chiwei/work/checkout/xilinx-bali.git.new/xilinx_ip/pcie4_uscale_plus/pcie_gen3x8.srcs/sources_1/ip/pcie4_uscale_plus_1/ip_0/synth/pcie4_uscale_plus_1_gt.v:62]
INFO: [Synth 8-256] done synthesizing module 'pcie4_uscale_plus_1_gtwizard_top' (41#1) [/home/chiwei/work/checkout/xilinx-bali.git.new/xilinx_ip/pcie4_uscale_plus/pcie_gen3x8.srcs/sources_1/ip/pcie4_uscale_plus_1/source/pcie4_uscale_plus_1_gtwizard_top.v:66]
INFO: [Synth 8-638] synthesizing module 'pcie4_uscale_plus_1_gt_phy_clk' [/home/chiwei/work/checkout/xilinx-bali.git.new/xilinx_ip/pcie4_uscale_plus/pcie_gen3x8.srcs/sources_1/ip/pcie4_uscale_plus_1/source/pcie4_uscale_plus_1_gt_phy_clk.v:66]
INFO: [Synth 8-256] done synthesizing module 'pcie4_uscale_plus_1_gt_phy_clk' (42#1) [/home/chiwei/work/checkout/xilinx-bali.git.new/xilinx_ip/pcie4_uscale_plus/pcie_gen3x8.srcs/sources_1/ip/pcie4_uscale_plus_1/source/pcie4_uscale_plus_1_gt_phy_clk.v:66]
INFO: [Synth 8-638] synthesizing module 'pcie4_uscale_plus_1_gt_phy_rst' [/home/chiwei/work/checkout/xilinx-bali.git.new/xilinx_ip/pcie4_uscale_plus/pcie_gen3x8.srcs/sources_1/ip/pcie4_uscale_plus_1/source/pcie4_uscale_plus_1_gt_phy_rst.v:66]
INFO: [Synth 8-638] synthesizing module 'pcie4_uscale_plus_1_sync__parameterized4' [/home/chiwei/work/checkout/xilinx-bali.git.new/xilinx_ip/pcie4_uscale_plus/pcie_gen3x8.srcs/sources_1/ip/pcie4_uscale_plus_1/source/pcie4_uscale_plus_1_sync.v:66]
INFO: [Synth 8-256] done synthesizing module 'pcie4_uscale_plus_1_sync__parameterized4' (42#1) [/home/chiwei/work/checkout/xilinx-bali.git.new/xilinx_ip/pcie4_uscale_plus/pcie_gen3x8.srcs/sources_1/ip/pcie4_uscale_plus_1/source/pcie4_uscale_plus_1_sync.v:66]
INFO: [Synth 8-256] done synthesizing module 'pcie4_uscale_plus_1_gt_phy_rst' (43#1) [/home/chiwei/work/checkout/xilinx-bali.git.new/xilinx_ip/pcie4_uscale_plus/pcie_gen3x8.srcs/sources_1/ip/pcie4_uscale_plus_1/source/pcie4_uscale_plus_1_gt_phy_rst.v:66]
INFO: [Synth 8-256] done synthesizing module 'pcie4_uscale_plus_1_gt_phy_wrapper' (44#1) [/home/chiwei/work/checkout/xilinx-bali.git.new/xilinx_ip/pcie4_uscale_plus/pcie_gen3x8.srcs/sources_1/ip/pcie4_uscale_plus_1/source/pcie4_uscale_plus_1_gt_phy_wrapper.v:140]
INFO: [Synth 8-638] synthesizing module 'pcie4_uscale_plus_1_phy_pipeline' [/home/chiwei/work/checkout/xilinx-bali.git.new/xilinx_ip/pcie4_uscale_plus/pcie_gen3x8.srcs/sources_1/ip/pcie4_uscale_plus_1/source/pcie4_uscale_plus_1_phy_pipeline.v:78]
INFO: [Synth 8-638] synthesizing module 'pcie4_uscale_plus_1_phy_ff_chain' [/home/chiwei/work/checkout/xilinx-bali.git.new/xilinx_ip/pcie4_uscale_plus/pcie_gen3x8.srcs/sources_1/ip/pcie4_uscale_plus_1/source/pcie4_uscale_plus_1_phy_ff_chain.v:80]
INFO: [Synth 8-256] done synthesizing module 'pcie4_uscale_plus_1_phy_ff_chain' (45#1) [/home/chiwei/work/checkout/xilinx-bali.git.new/xilinx_ip/pcie4_uscale_plus/pcie_gen3x8.srcs/sources_1/ip/pcie4_uscale_plus_1/source/pcie4_uscale_plus_1_phy_ff_chain.v:80]
INFO: [Synth 8-638] synthesizing module 'pcie4_uscale_plus_1_phy_ff_chain__parameterized0' [/home/chiwei/work/checkout/xilinx-bali.git.new/xilinx_ip/pcie4_uscale_plus/pcie_gen3x8.srcs/sources_1/ip/pcie4_uscale_plus_1/source/pcie4_uscale_plus_1_phy_ff_chain.v:80]
INFO: [Synth 8-256] done synthesizing module 'pcie4_uscale_plus_1_phy_ff_chain__parameterized0' (45#1) [/home/chiwei/work/checkout/xilinx-bali.git.new/xilinx_ip/pcie4_uscale_plus/pcie_gen3x8.srcs/sources_1/ip/pcie4_uscale_plus_1/source/pcie4_uscale_plus_1_phy_ff_chain.v:80]
INFO: [Synth 8-638] synthesizing module 'pcie4_uscale_plus_1_phy_ff_chain__parameterized1' [/home/chiwei/work/checkout/xilinx-bali.git.new/xilinx_ip/pcie4_uscale_plus/pcie_gen3x8.srcs/sources_1/ip/pcie4_uscale_plus_1/source/pcie4_uscale_plus_1_phy_ff_chain.v:80]
INFO: [Synth 8-256] done synthesizing module 'pcie4_uscale_plus_1_phy_ff_chain__parameterized1' (45#1) [/home/chiwei/work/checkout/xilinx-bali.git.new/xilinx_ip/pcie4_uscale_plus/pcie_gen3x8.srcs/sources_1/ip/pcie4_uscale_plus_1/source/pcie4_uscale_plus_1_phy_ff_chain.v:80]
INFO: [Synth 8-638] synthesizing module 'pcie4_uscale_plus_1_phy_ff_chain__parameterized2' [/home/chiwei/work/checkout/xilinx-bali.git.new/xilinx_ip/pcie4_uscale_plus/pcie_gen3x8.srcs/sources_1/ip/pcie4_uscale_plus_1/source/pcie4_uscale_plus_1_phy_ff_chain.v:80]
INFO: [Synth 8-256] done synthesizing module 'pcie4_uscale_plus_1_phy_ff_chain__parameterized2' (45#1) [/home/chiwei/work/checkout/xilinx-bali.git.new/xilinx_ip/pcie4_uscale_plus/pcie_gen3x8.srcs/sources_1/ip/pcie4_uscale_plus_1/source/pcie4_uscale_plus_1_phy_ff_chain.v:80]
INFO: [Synth 8-638] synthesizing module 'pcie4_uscale_plus_1_phy_ff_chain__parameterized3' [/home/chiwei/work/checkout/xilinx-bali.git.new/xilinx_ip/pcie4_uscale_plus/pcie_gen3x8.srcs/sources_1/ip/pcie4_uscale_plus_1/source/pcie4_uscale_plus_1_phy_ff_chain.v:80]
INFO: [Synth 8-256] done synthesizing module 'pcie4_uscale_plus_1_phy_ff_chain__parameterized3' (45#1) [/home/chiwei/work/checkout/xilinx-bali.git.new/xilinx_ip/pcie4_uscale_plus/pcie_gen3x8.srcs/sources_1/ip/pcie4_uscale_plus_1/source/pcie4_uscale_plus_1_phy_ff_chain.v:80]
INFO: [Synth 8-638] synthesizing module 'pcie4_uscale_plus_1_phy_ff_chain__parameterized4' [/home/chiwei/work/checkout/xilinx-bali.git.new/xilinx_ip/pcie4_uscale_plus/pcie_gen3x8.srcs/sources_1/ip/pcie4_uscale_plus_1/source/pcie4_uscale_plus_1_phy_ff_chain.v:80]
INFO: [Synth 8-256] done synthesizing module 'pcie4_uscale_plus_1_phy_ff_chain__parameterized4' (45#1) [/home/chiwei/work/checkout/xilinx-bali.git.new/xilinx_ip/pcie4_uscale_plus/pcie_gen3x8.srcs/sources_1/ip/pcie4_uscale_plus_1/source/pcie4_uscale_plus_1_phy_ff_chain.v:80]
INFO: [Synth 8-638] synthesizing module 'pcie4_uscale_plus_1_phy_ff_chain__parameterized5' [/home/chiwei/work/checkout/xilinx-bali.git.new/xilinx_ip/pcie4_uscale_plus/pcie_gen3x8.srcs/sources_1/ip/pcie4_uscale_plus_1/source/pcie4_uscale_plus_1_phy_ff_chain.v:80]
INFO: [Synth 8-256] done synthesizing module 'pcie4_uscale_plus_1_phy_ff_chain__parameterized5' (45#1) [/home/chiwei/work/checkout/xilinx-bali.git.new/xilinx_ip/pcie4_uscale_plus/pcie_gen3x8.srcs/sources_1/ip/pcie4_uscale_plus_1/source/pcie4_uscale_plus_1_phy_ff_chain.v:80]
INFO: [Synth 8-638] synthesizing module 'pcie4_uscale_plus_1_phy_ff_chain__parameterized6' [/home/chiwei/work/checkout/xilinx-bali.git.new/xilinx_ip/pcie4_uscale_plus/pcie_gen3x8.srcs/sources_1/ip/pcie4_uscale_plus_1/source/pcie4_uscale_plus_1_phy_ff_chain.v:80]
INFO: [Synth 8-256] done synthesizing module 'pcie4_uscale_plus_1_phy_ff_chain__parameterized6' (45#1) [/home/chiwei/work/checkout/xilinx-bali.git.new/xilinx_ip/pcie4_uscale_plus/pcie_gen3x8.srcs/sources_1/ip/pcie4_uscale_plus_1/source/pcie4_uscale_plus_1_phy_ff_chain.v:80]
INFO: [Synth 8-638] synthesizing module 'pcie4_uscale_plus_1_phy_ff_chain__parameterized7' [/home/chiwei/work/checkout/xilinx-bali.git.new/xilinx_ip/pcie4_uscale_plus/pcie_gen3x8.srcs/sources_1/ip/pcie4_uscale_plus_1/source/pcie4_uscale_plus_1_phy_ff_chain.v:80]
INFO: [Synth 8-256] done synthesizing module 'pcie4_uscale_plus_1_phy_ff_chain__parameterized7' (45#1) [/home/chiwei/work/checkout/xilinx-bali.git.new/xilinx_ip/pcie4_uscale_plus/pcie_gen3x8.srcs/sources_1/ip/pcie4_uscale_plus_1/source/pcie4_uscale_plus_1_phy_ff_chain.v:80]
INFO: [Synth 8-638] synthesizing module 'pcie4_uscale_plus_1_phy_ff_chain__parameterized8' [/home/chiwei/work/checkout/xilinx-bali.git.new/xilinx_ip/pcie4_uscale_plus/pcie_gen3x8.srcs/sources_1/ip/pcie4_uscale_plus_1/source/pcie4_uscale_plus_1_phy_ff_chain.v:80]
INFO: [Synth 8-256] done synthesizing module 'pcie4_uscale_plus_1_phy_ff_chain__parameterized8' (45#1) [/home/chiwei/work/checkout/xilinx-bali.git.new/xilinx_ip/pcie4_uscale_plus/pcie_gen3x8.srcs/sources_1/ip/pcie4_uscale_plus_1/source/pcie4_uscale_plus_1_phy_ff_chain.v:80]
INFO: [Synth 8-256] done synthesizing module 'pcie4_uscale_plus_1_phy_pipeline' (46#1) [/home/chiwei/work/checkout/xilinx-bali.git.new/xilinx_ip/pcie4_uscale_plus/pcie_gen3x8.srcs/sources_1/ip/pcie4_uscale_plus_1/source/pcie4_uscale_plus_1_phy_pipeline.v:78]
INFO: [Synth 8-256] done synthesizing module 'pcie4_uscale_plus_1_phy_top' (47#1) [/home/chiwei/work/checkout/xilinx-bali.git.new/xilinx_ip/pcie4_uscale_plus/pcie_gen3x8.srcs/sources_1/ip/pcie4_uscale_plus_1/source/pcie4_uscale_plus_1_phy_top.v:111]
INFO: [Synth 8-638] synthesizing module 'xpm_cdc_async_rst' [/opt/Xilinx/Vivado/2017.3/data/ip/xpm/xpm_cdc/hdl/xpm_cdc.sv:1177]
INFO: [Synth 8-256] done synthesizing module 'xpm_cdc_async_rst' (48#1) [/opt/Xilinx/Vivado/2017.3/data/ip/xpm/xpm_cdc/hdl/xpm_cdc.sv:1177]
INFO: [Synth 8-638] synthesizing module 'xpm_cdc_async_rst__parameterized0' [/opt/Xilinx/Vivado/2017.3/data/ip/xpm/xpm_cdc/hdl/xpm_cdc.sv:1177]
INFO: [Synth 8-256] done synthesizing module 'xpm_cdc_async_rst__parameterized0' (48#1) [/opt/Xilinx/Vivado/2017.3/data/ip/xpm/xpm_cdc/hdl/xpm_cdc.sv:1177]
INFO: [Synth 8-256] done synthesizing module 'pcie4_uscale_plus_1_pcie4_uscale_core_top' (49#1) [/home/chiwei/work/checkout/xilinx-bali.git.new/xilinx_ip/pcie4_uscale_plus/pcie_gen3x8.srcs/sources_1/ip/pcie4_uscale_plus_1/source/pcie4_uscale_plus_1_pcie4_uscale_core_top.v:59]
INFO: [Synth 8-256] done synthesizing module 'pcie4_uscale_plus_1' (50#1) [/home/chiwei/work/checkout/xilinx-bali.git.new/xilinx_ip/pcie4_uscale_plus/pcie_gen3x8.srcs/sources_1/ip/pcie4_uscale_plus_1/synth/pcie4_uscale_plus_1.v:78]
Finished RTL Elaboration : Time (s): cpu = 00:00:18 ; elapsed = 00:00:19 . Memory (MB): peak = 1712.816 ; gain = 153.566 ; free physical = 3322 ; free virtual = 29007
Finished RTL Optimization Phase 1 : Time (s): cpu = 00:00:18 ; elapsed = 00:00:19 . Memory (MB): peak = 1712.816 ; gain = 153.566 ; free physical = 3672 ; free virtual = 29356
INFO: [Device 21-403] Loading part xcku15p-ffve1517-3-e
Constraint Validation Runtime : Time (s): cpu = 00:00:00.53 ; elapsed = 00:00:00.17 . Memory (MB): peak = 2664.562 ; gain = 0.004 ; free physical = 2551 ; free virtual = 28237
Finished Constraint Validation : Time (s): cpu = 00:00:49 ; elapsed = 00:01:01 . Memory (MB): peak = 2664.562 ; gain = 1105.312 ; free physical = 2597 ; free virtual = 28282
Finished Loading Part and Timing Information : Time (s): cpu = 00:00:49 ; elapsed = 00:01:01 . Memory (MB): peak = 2664.562 ; gain = 1105.312 ; free physical = 2597 ; free virtual = 28282
Finished applying 'set_property' XDC Constraints : Time (s): cpu = 00:00:49 ; elapsed = 00:01:02 . Memory (MB): peak = 2664.562 ; gain = 1105.312 ; free physical = 2599 ; free virtual = 28284
Finished RTL Optimization Phase 2 : Time (s): cpu = 00:00:54 ; elapsed = 00:01:07 . Memory (MB): peak = 2664.562 ; gain = 1105.312 ; free physical = 2553 ; free virtual = 28238
Finished Cross Boundary and Area Optimization : Time (s): cpu = 00:01:42 ; elapsed = 00:02:04 . Memory (MB): peak = 2664.562 ; gain = 1105.312 ; free physical = 2294 ; free virtual = 28033
Finished Applying XDC Timing Constraints : Time (s): cpu = 00:02:02 ; elapsed = 00:02:56 . Memory (MB): peak = 4352.027 ; gain = 2792.777 ; free physical = 583 ; free virtual = 26324
Finished Timing Optimization : Time (s): cpu = 00:02:13 ; elapsed = 00:03:08 . Memory (MB): peak = 4416.059 ; gain = 2856.809 ; free physical = 570 ; free virtual = 26313
Finished Technology Mapping : Time (s): cpu = 00:02:30 ; elapsed = 00:03:26 . Memory (MB): peak = 4443.215 ; gain = 2883.965 ; free physical = 634 ; free virtual = 26375
Finished IO Insertion : Time (s): cpu = 00:02:35 ; elapsed = 00:03:31 . Memory (MB): peak = 4443.219 ; gain = 2883.969 ; free physical = 641 ; free virtual = 26381
Finished Renaming Generated Instances : Time (s): cpu = 00:02:35 ; elapsed = 00:03:31 . Memory (MB): peak = 4443.219 ; gain = 2883.969 ; free physical = 640 ; free virtual = 26381
Finished Rebuilding User Hierarchy : Time (s): cpu = 00:02:38 ; elapsed = 00:03:33 . Memory (MB): peak = 4443.219 ; gain = 2883.969 ; free physical = 638 ; free virtual = 26379
Finished Renaming Generated Ports : Time (s): cpu = 00:02:38 ; elapsed = 00:03:34 . Memory (MB): peak = 4443.219 ; gain = 2883.969 ; free physical = 636 ; free virtual = 26376
Finished Handling Custom Attributes : Time (s): cpu = 00:02:40 ; elapsed = 00:03:36 . Memory (MB): peak = 4443.219 ; gain = 2883.969 ; free physical = 635 ; free virtual = 26376
Finished Renaming Generated Nets : Time (s): cpu = 00:02:41 ; elapsed = 00:03:36 . Memory (MB): peak = 4443.219 ; gain = 2883.969 ; free physical = 636 ; free virtual = 26376

Report Cell Usage: 
+------+--------------+------+
|      |Cell          |Count |
+------+--------------+------+
|1     |BUFG_GT       |    13|
|2     |BUFG_GT_SYNC  |     1|
|3     |CARRY8        |   171|
|4     |GTYE4_CHANNEL |     8|
|5     |GTYE4_COMMON  |     2|
|6     |LUT1          |    99|
|7     |LUT2          |  1074|
|8     |LUT3          |  1158|
|9     |LUT4          |  1481|
|10    |LUT5          |  2032|
|11    |LUT6          |  3103|
|12    |MUXF7         |    57|
|13    |MUXF8         |     7|
|14    |PCIE40E4      |     1|
|15    |RAMB36E2      |    22|
|16    |SRL16E        |    13|
|17    |SRLC32E       |     8|
|18    |FDCE          |   569|
|19    |FDPE          |   151|
|20    |FDRE          | 10745|
|21    |FDSE          |   165|
+------+--------------+------+
Finished Writing Synthesis Report : Time (s): cpu = 00:02:41 ; elapsed = 00:03:36 . Memory (MB): peak = 4443.219 ; gain = 2883.969 ; free physical = 636 ; free virtual = 26376
synth_design: Time (s): cpu = 00:02:51 ; elapsed = 00:03:46 . Memory (MB): peak = 4612.266 ; gain = 3078.516 ; free physical = 1591 ; free virtual = 27332
write_checkpoint: Time (s): cpu = 00:00:06 ; elapsed = 00:00:07 . Memory (MB): peak = 4636.281 ; gain = 24.016 ; free physical = 1585 ; free virtual = 27331
