Copyright 1986-2017 Xilinx, Inc. All Rights Reserved.
-----------------------------------------------------------------------------------------------------------------------------------
| Tool Version : Vivado v.2017.3 (lin64) Build 2018833 Wed Oct  4 19:58:07 MDT 2017
| Date         : Mon Jan  8 10:25:59 2018
| Host         : lzhou-dt2-vi-local running 64-bit CentOS Linux release 7.2.1511 (Core)
| Command      : report_utilization -file s5_native_phy_16gbps_utilization_synth.rpt -pb s5_native_phy_16gbps_utilization_synth.pb
| Design       : s5_native_phy_16gbps
| Device       : xcku15pffve1517-3
| Design State : Synthesized
-----------------------------------------------------------------------------------------------------------------------------------

Utilization Design Information

Table of Contents
-----------------
1. CLB Logic
1.1 Summary of Registers by Type
2. BLOCKRAM
3. ARITHMETIC
4. I/O
5. CLOCK
6. ADVANCED
7. CONFIGURATION
8. Primitives
9. Black Boxes
10. Instantiated Netlists

1. CLB Logic
------------

+-------------------------+------+-------+-----------+-------+
|        Site Type        | Used | Fixed | Available | Util% |
+-------------------------+------+-------+-----------+-------+
| CLB LUTs*               |  515 |     0 |    522720 |  0.10 |
|   LUT as Logic          |  515 |     0 |    522720 |  0.10 |
|   LUT as Memory         |    0 |     0 |    161280 |  0.00 |
| CLB Registers           |  708 |     0 |   1045440 |  0.07 |
|   Register as Flip Flop |  708 |     0 |   1045440 |  0.07 |
|   Register as Latch     |    0 |     0 |   1045440 |  0.00 |
| CARRY8                  |    4 |     0 |     65340 | <0.01 |
| F7 Muxes                |    1 |     0 |    261360 | <0.01 |
| F8 Muxes                |    0 |     0 |    130680 |  0.00 |
| F9 Muxes                |    0 |     0 |     65340 |  0.00 |
+-------------------------+------+-------+-----------+-------+
* Warning! The Final LUT count, after physical optimizations and full implementation, is typically lower. Run opt_design after synthesis, if not already completed, for a more realistic count.


1.1 Summary of Registers by Type
--------------------------------

+-------+--------------+-------------+--------------+
| Total | Clock Enable | Synchronous | Asynchronous |
+-------+--------------+-------------+--------------+
| 0     |            _ |           - |            - |
| 0     |            _ |           - |          Set |
| 0     |            _ |           - |        Reset |
| 0     |            _ |         Set |            - |
| 0     |            _ |       Reset |            - |
| 0     |          Yes |           - |            - |
| 40    |          Yes |           - |          Set |
| 166   |          Yes |           - |        Reset |
| 6     |          Yes |         Set |            - |
| 496   |          Yes |       Reset |            - |
+-------+--------------+-------------+--------------+


2. BLOCKRAM
-----------

+----------------+------+-------+-----------+-------+
|    Site Type   | Used | Fixed | Available | Util% |
+----------------+------+-------+-----------+-------+
| Block RAM Tile |    0 |     0 |       984 |  0.00 |
|   RAMB36/FIFO* |    0 |     0 |       984 |  0.00 |
|   RAMB18       |    0 |     0 |      1968 |  0.00 |
| URAM           |    0 |     0 |       128 |  0.00 |
+----------------+------+-------+-----------+-------+
* Note: Each Block RAM Tile only has one FIFO logic available and therefore can accommodate only one FIFO36E2 or one FIFO18E2. However, if a FIFO18E2 occupies a Block RAM Tile, that tile can still accommodate a RAMB18E2


3. ARITHMETIC
-------------

+-----------+------+-------+-----------+-------+
| Site Type | Used | Fixed | Available | Util% |
+-----------+------+-------+-----------+-------+
| DSPs      |    0 |     0 |      1968 |  0.00 |
+-----------+------+-------+-----------+-------+


4. I/O
------

+------------+------+-------+-----------+-------+
|  Site Type | Used | Fixed | Available | Util% |
+------------+------+-------+-----------+-------+
| Bonded IOB |    0 |     0 |       512 |  0.00 |
+------------+------+-------+-----------+-------+


5. CLOCK
--------

+----------------------+------+-------+-----------+-------+
|       Site Type      | Used | Fixed | Available | Util% |
+----------------------+------+-------+-----------+-------+
| GLOBAL CLOCK BUFFERs |    0 |     0 |       940 |  0.00 |
|   BUFGCE             |    0 |     0 |       280 |  0.00 |
|   BUFGCE_DIV         |    0 |     0 |        44 |  0.00 |
|   BUFG_GT            |    0 |     0 |       456 |  0.00 |
|   BUFG_PS            |    0 |     0 |        72 |  0.00 |
|   BUFGCTRL*          |    0 |     0 |        88 |  0.00 |
| PLL                  |    0 |     0 |        22 |  0.00 |
| MMCM                 |    0 |     0 |        11 |  0.00 |
+----------------------+------+-------+-----------+-------+
* Note: Each used BUFGCTRL counts as two global buffer resources. This table does not include global clocking resources, only buffer cell usage. See the Clock Utilization Report (report_clock_utilization) for detailed accounting of global clocking resource availability.


6. ADVANCED
-----------

+-----------------+------+-------+-----------+-------+
|    Site Type    | Used | Fixed | Available | Util% |
+-----------------+------+-------+-----------+-------+
| CMACE4          |    0 |     0 |         4 |  0.00 |
| GTHE4_CHANNEL   |   26 |     0 |        32 | 81.25 |
| GTHE4_COMMON    |    7 |     0 |         8 | 87.50 |
| GTYE4_CHANNEL   |    0 |     0 |        24 |  0.00 |
| GTYE4_COMMON    |    0 |     0 |         6 |  0.00 |
| ILKNE4          |    0 |     0 |         4 |  0.00 |
| OBUFDS_GTE4     |    0 |     0 |        28 |  0.00 |
| OBUFDS_GTE4_ADV |    0 |     0 |        28 |  0.00 |
| PCIE40E4        |    0 |     0 |         5 |  0.00 |
| PS8             |    0 |     0 |         1 |  0.00 |
| SYSMONE4        |    0 |     0 |         1 |  0.00 |
+-----------------+------+-------+-----------+-------+


7. CONFIGURATION
----------------

+-------------+------+-------+-----------+-------+
|  Site Type  | Used | Fixed | Available | Util% |
+-------------+------+-------+-----------+-------+
| BSCANE2     |    0 |     0 |         4 |  0.00 |
| DNA_PORTE2  |    0 |     0 |         1 |  0.00 |
| EFUSE_USR   |    0 |     0 |         1 |  0.00 |
| FRAME_ECCE4 |    0 |     0 |         1 |  0.00 |
| ICAPE3      |    0 |     0 |         2 |  0.00 |
| MASTER_JTAG |    0 |     0 |         1 |  0.00 |
| STARTUPE3   |    0 |     0 |         1 |  0.00 |
+-------------+------+-------+-----------+-------+


8. Primitives
-------------

+---------------+------+---------------------+
|    Ref Name   | Used | Functional Category |
+---------------+------+---------------------+
| FDRE          |  496 |            Register |
| LUT2          |  300 |                 CLB |
| FDCE          |  166 |            Register |
| LUT3          |   71 |                 CLB |
| LUT1          |   60 |                 CLB |
| LUT4          |   47 |                 CLB |
| LUT6          |   46 |                 CLB |
| FDPE          |   40 |            Register |
| GTHE4_CHANNEL |   26 |            Advanced |
| LUT5          |   22 |                 CLB |
| GTHE4_COMMON  |    7 |            Advanced |
| FDSE          |    6 |            Register |
| CARRY8        |    4 |                 CLB |
| MUXF7         |    1 |                 CLB |
+---------------+------+---------------------+


9. Black Boxes
--------------

+----------+------+
| Ref Name | Used |
+----------+------+


10. Instantiated Netlists
-------------------------

+----------+------+
| Ref Name | Used |
+----------+------+


